<?xml version="1.0" encoding="UTF-8"?>
<!-- Generated by org.testng.reporters.JUnitXMLReporter -->
<testsuite hostname="DESKTOP-8L6BM45" name="Command line test" tests="1" failures="0" timestamp="20 Jun 2018 04:47:26 GMT" time="1.307" errors="0">
  <testcase name="@BeforeTest openBrowser" time="0.0" classname="IWC.IWCLogin">
    <failure type="java.lang.AssertionError" message="null">
      <![CDATA[java.lang.AssertionError: null
	at Utilities.WebDriverUtilities.openBrowser(WebDriverUtilities.java:28)
	at IWC.IWCLogin.openBrowser(IWCLogin.java:33)
	at Utilities.TestCaseRunner.testTestNGprogramer(TestCaseRunner.java:20)
	at Utilities.TestCaseRunner.main(TestCaseRunner.java:28)
... Removed 22 stack frames]]>
    </failure>
  </testcase> <!-- @BeforeTest openBrowser -->
  <testcase name="@AfterTest Close" time="0.0" classname="IWC.IWCLogin">
    <skipped/>
  </testcase> <!-- @AfterTest Close -->
  <testcase name="login" time="0.0" classname="IWC.IWCLogin">
    <skipped/>
  </testcase> <!-- login -->
</testsuite> <!-- Command line test -->
